[05:41:08] [main/INFO] (FabricLoader/GameProvider) Loading Minecraft 1.20.1 with Fabric Loader 0.14.21
[05:41:08] [main/INFO] (FabricLoader) Loading 46 mods:
	- fabric-api 0.83.1+1.20.1
	- fabric-api-base 0.4.29+b04edc7a77
	- fabric-api-lookup-api-v1 1.6.34+4d8536c977
	- fabric-biome-api-v1 13.0.10+b3afc78b77
	- fabric-block-api-v1 1.0.9+e022e5d177
	- fabric-blockrenderlayer-v1 1.1.39+b3afc78b77
	- fabric-client-tags-api-v1 1.0.20+b3afc78b77
	- fabric-command-api-v2 2.2.11+b3afc78b77
	- fabric-content-registries-v0 4.0.7+b3afc78b77
	- fabric-convention-tags-v1 1.5.3+b3afc78b77
	- fabric-crash-report-info-v1 0.2.18+aeb40ebe77
	- fabric-data-generation-api-v1 12.1.11+b3afc78b77
	- fabric-dimensions-v1 2.1.51+b3afc78b77
	- fabric-entity-events-v1 1.5.21+b3afc78b77
	- fabric-events-interaction-v0 0.6.0+b3afc78b77
	- fabric-game-rule-api-v1 1.0.38+b04edc7a77
	- fabric-gametest-api-v1 1.2.10+b3afc78b77
	- fabric-item-api-v1 2.1.26+b3afc78b77
	- fabric-item-group-api-v1 4.0.7+b3afc78b77
	- fabric-key-binding-api-v1 1.0.36+fb8d95da77
	- fabric-lifecycle-events-v1 2.2.20+b3afc78b77
	- fabric-loot-api-v2 1.1.37+b3afc78b77
	- fabric-message-api-v1 5.1.6+b3afc78b77
	- fabric-mining-level-api-v1 2.1.47+b3afc78b77
	- fabric-models-v0 0.3.35+b3afc78b77
	- fabric-networking-api-v1 1.3.8+b3afc78b77
	- fabric-object-builder-api-v1 11.0.6+b3afc78b77
	- fabric-particles-v1 1.0.28+b3afc78b77
	- fabric-recipe-api-v1 1.0.18+b3afc78b77
	- fabric-registry-sync-v0 2.2.6+b3afc78b77
	- fabric-renderer-api-v1 3.0.1+b3afc78b77
	- fabric-renderer-indigo 1.3.1+b3afc78b77
	- fabric-rendering-data-attachment-v1 0.3.33+b3afc78b77
	- fabric-rendering-fluids-v1 3.0.26+b3afc78b77
	- fabric-rendering-v1 3.0.6+b3afc78b77
	- fabric-resource-conditions-api-v1 2.3.5+ea08f9d877
	- fabric-resource-loader-v0 0.11.7+f7923f6d77
	- fabric-screen-api-v1 2.0.6+b3afc78b77
	- fabric-screen-handler-api-v1 1.3.27+b3afc78b77
	- fabric-sound-api-v1 1.0.12+b3afc78b77
	- fabric-transfer-api-v1 3.2.2+b3afc78b77
	- fabric-transitive-access-wideners-v1 4.2.0+b3afc78b77
	- fabricloader 0.14.21
	- jangley_dice_mod 1.0.0
	- java 17
	- minecraft 1.20.1
[05:41:08] [main/INFO] (FabricLoader/Mixin) SpongePowered MIXIN Subsystem Version=0.8.5 Source=file:/home/the64thgamer/.mcreator/gradle/caches/modules-2/files-2.1/net.fabricmc/sponge-mixin/0.12.5+mixin.0.8.5/8d31fb97c3e0cd7c8dad3441851c523bcfae6d8e/sponge-mixin-0.12.5+mixin.0.8.5.jar Service=Knot/Fabric Env=CLIENT
[05:41:08] [main/INFO] (FabricLoader/Mixin) Loaded Fabric development mappings for mixin remapper!
[05:41:08] [main/INFO] (FabricLoader/Mixin) Compatibility level set to JAVA_16
[05:41:08] [main/INFO] (FabricLoader/Mixin) Compatibility level set to JAVA_17
[05:41:15] [Datafixer Bootstrap/INFO] (Minecraft) 188 Datafixer optimizations took 109 milliseconds
[05:41:16] [Render thread/INFO] (Minecraft) Environment: authHost='https://authserver.mojang.com', accountsHost='https://api.mojang.com', sessionHost='https://sessionserver.mojang.com', servicesHost='https://api.minecraftservices.com', name='PROD'
[05:41:17] [Render thread/ERROR] (Minecraft) Failed to verify authentication
com.mojang.authlib.exceptions.InvalidCredentialsException: Status: 401
	at com.mojang.authlib.exceptions.MinecraftClientHttpException.toAuthenticationException(MinecraftClientHttpException.java:56) ~[authlib-4.0.43.jar:?]
	at com.mojang.authlib.yggdrasil.YggdrasilUserApiService.fetchProperties(YggdrasilUserApiService.java:156) ~[authlib-4.0.43.jar:?]
	at com.mojang.authlib.yggdrasil.YggdrasilUserApiService.<init>(YggdrasilUserApiService.java:55) ~[authlib-4.0.43.jar:?]
	at com.mojang.authlib.yggdrasil.YggdrasilAuthenticationService.createUserApiService(YggdrasilAuthenticationService.java:124) ~[authlib-4.0.43.jar:?]
	at net.minecraft.client.Minecraft.createUserApiService(Minecraft.java:733) ~[minecraft-merged-eff04642a8-1.20.1-loom.mappings.1_20_1.layered+hash.2198-v2.jar:?]
	at net.minecraft.client.Minecraft.<init>(Minecraft.java:442) ~[minecraft-merged-eff04642a8-1.20.1-loom.mappings.1_20_1.layered+hash.2198-v2.jar:?]
	at net.minecraft.client.main.Main.main(Main.java:211) ~[minecraft-merged-eff04642a8-1.20.1-loom.mappings.1_20_1.layered+hash.2198-v2.jar:?]
	at net.fabricmc.loader.impl.game.minecraft.MinecraftGameProvider.launch(MinecraftGameProvider.java:468) ~[fabric-loader-0.14.21.jar:?]
	at net.fabricmc.loader.impl.launch.knot.Knot.launch(Knot.java:74) ~[fabric-loader-0.14.21.jar:?]
	at net.fabricmc.loader.impl.launch.knot.KnotClient.main(KnotClient.java:23) ~[fabric-loader-0.14.21.jar:?]
	at net.fabricmc.devlaunchinjector.Main.main(Main.java:86) ~[dev-launch-injector-0.2.1+build.8.jar:?]
Caused by: com.mojang.authlib.exceptions.MinecraftClientHttpException: Status: 401
	at com.mojang.authlib.minecraft.client.MinecraftClient.readInputStream(MinecraftClient.java:85) ~[authlib-4.0.43.jar:?]
	at com.mojang.authlib.minecraft.client.MinecraftClient.get(MinecraftClient.java:48) ~[authlib-4.0.43.jar:?]
	at com.mojang.authlib.yggdrasil.YggdrasilUserApiService.fetchProperties(YggdrasilUserApiService.java:129) ~[authlib-4.0.43.jar:?]
	... 9 more
[05:41:17] [Render thread/INFO] (Minecraft) Setting user: Player680
[05:41:17] [Render thread/INFO] (JangleyDiceModMod) Initializing JangleyDiceModMod
[05:41:17] [Render thread/INFO] (Indigo) [Indigo] Registering Indigo renderer!
[05:41:17] [Render thread/INFO] (Minecraft) Backend library: LWJGL version 3.3.1 SNAPSHOT
[05:41:18] [Render thread/INFO] (Minecraft) Reloading ResourceManager: vanilla, fabric (fabric-models-v0, fabric-item-group-api-v1, fabric-api-lookup-api-v1, fabric-lifecycle-events-v1, fabric-transitive-access-wideners-v1, fabric-object-builder-api-v1, fabric-item-api-v1, fabric-entity-events-v1, fabric-renderer-indigo, fabric-rendering-v1, fabric-resource-conditions-api-v1, fabric-mining-level-api-v1, fabric-rendering-fluids-v1, fabric-renderer-api-v1, fabric-key-binding-api-v1, fabric-resource-loader-v0, fabric-events-interaction-v0, fabric-game-rule-api-v1, fabric-dimensions-v1, fabric-biome-api-v1, fabric-sound-api-v1, fabric-registry-sync-v0, fabric-loot-api-v2, fabric-recipe-api-v1, fabric-screen-handler-api-v1, fabric-block-api-v1, fabric-convention-tags-v1, fabric-particles-v1, fabric-data-generation-api-v1, fabric-client-tags-api-v1, fabric-screen-api-v1, fabric-rendering-data-attachment-v1, fabric-command-api-v2, fabric-blockrenderlayer-v1, fabric-api-base, fabricloader, jangley_dice_mod, fabric-gametest-api-v1, fabric-transfer-api-v1, fabric-content-registries-v0, fabric-api, fabric-crash-report-info-v1, fabric-message-api-v1, fabric-networking-api-v1)
[05:41:18] [Worker-Main-4/INFO] (Minecraft) Found unifont_all_no_pua-15.0.06.hex, loading
[05:41:18] [Realms Notification Availability checker #1/INFO] (Minecraft) Could not authorize you against Realms server: Invalid session id
[05:41:19] [Render thread/WARN] (Minecraft) Missing sound for event: minecraft:item.goat_horn.play
[05:41:19] [Render thread/WARN] (Minecraft) Missing sound for event: minecraft:entity.goat.screaming.horn_break
[05:41:19] [Render thread/INFO] (Minecraft) OpenAL initialized on device JACK Default
[05:41:19] [Render thread/INFO] (Minecraft) Sound engine started
[05:41:19] [Render thread/INFO] (Minecraft) Created: 1024x512x4 minecraft:textures/atlas/blocks.png-atlas
[05:41:19] [Render thread/INFO] (Minecraft) Created: 256x256x4 minecraft:textures/atlas/signs.png-atlas
[05:41:19] [Render thread/INFO] (Minecraft) Created: 512x512x4 minecraft:textures/atlas/banner_patterns.png-atlas
[05:41:19] [Render thread/INFO] (Minecraft) Created: 512x512x4 minecraft:textures/atlas/shield_patterns.png-atlas
[05:41:19] [Render thread/INFO] (Minecraft) Created: 1024x1024x4 minecraft:textures/atlas/armor_trims.png-atlas
[05:41:19] [Render thread/INFO] (Minecraft) Created: 256x256x4 minecraft:textures/atlas/chest.png-atlas
[05:41:19] [Render thread/INFO] (Minecraft) Created: 128x64x4 minecraft:textures/atlas/decorated_pot.png-atlas
[05:41:19] [Render thread/INFO] (Minecraft) Created: 512x256x4 minecraft:textures/atlas/beds.png-atlas
[05:41:19] [Render thread/INFO] (Minecraft) Created: 512x256x4 minecraft:textures/atlas/shulker_boxes.png-atlas
[05:41:20] [Render thread/WARN] (Minecraft) Shader rendertype_entity_translucent_emissive could not find sampler named Sampler2 in the specified shader program.
[05:41:20] [Render thread/INFO] (Minecraft) Created: 256x256x0 minecraft:textures/atlas/particles.png-atlas
[05:41:20] [Render thread/INFO] (Minecraft) Created: 256x256x0 minecraft:textures/atlas/paintings.png-atlas
[05:41:20] [Render thread/INFO] (Minecraft) Created: 128x128x0 minecraft:textures/atlas/mob_effects.png-atlas
[05:41:25] [Render thread/INFO] (Minecraft) Loaded 7 recipes
[05:41:25] [Render thread/INFO] (Minecraft) Loaded 1271 advancements
[05:41:25] [Render thread/INFO] (BiomeModificationImpl) Applied 0 biome modifications to 0 of 64 new biomes in 1.081 ms
[05:41:25] [Server thread/INFO] (Minecraft) Starting integrated minecraft server version 1.20.1
[05:41:25] [Server thread/INFO] (Minecraft) Generating keypair
[05:41:26] [Server thread/INFO] (Minecraft) Preparing start region for dimension minecraft:overworld
[05:41:29] [Render thread/INFO] (Minecraft) Preparing spawn area: 0%
[05:41:29] [Render thread/INFO] (Minecraft) Preparing spawn area: 0%
[05:41:29] [Render thread/INFO] (Minecraft) Preparing spawn area: 0%
[05:41:29] [Render thread/INFO] (Minecraft) Preparing spawn area: 0%
[05:41:29] [Render thread/INFO] (Minecraft) Preparing spawn area: 0%
[05:41:29] [Render thread/INFO] (Minecraft) Preparing spawn area: 0%
[05:41:29] [Render thread/INFO] (Minecraft) Preparing spawn area: 0%
[05:41:30] [Render thread/INFO] (Minecraft) Preparing spawn area: 83%
[05:41:30] [Render thread/INFO] (Minecraft) Time elapsed: 3584 ms
[05:41:30] [Server thread/INFO] (Minecraft) Changing view distance to 14, from 10
[05:41:30] [Server thread/INFO] (Minecraft) Changing simulation distance to 12, from 0
[05:41:30] [Server thread/INFO] (Minecraft) Player680[local:E:c72327c0] logged in with entity id 147 at (75.67635276579917, 71.23152379758702, 10.709086118639753)
[05:41:30] [Server thread/INFO] (Minecraft) Player680 joined the game
[05:41:31] [Render thread/INFO] (Minecraft) Loaded 11 advancements
[05:42:31] [Server thread/INFO] (Minecraft) Saving and pausing game...
[05:42:31] [Server thread/INFO] (Minecraft) Saving chunks for level 'ServerLevel[New World]'/minecraft:overworld
[05:42:31] [Server thread/INFO] (Minecraft) Saving chunks for level 'ServerLevel[New World]'/minecraft:the_nether
[05:42:31] [Server thread/INFO] (Minecraft) Saving chunks for level 'ServerLevel[New World]'/minecraft:the_end
[05:42:32] [Server thread/INFO] (Minecraft) Saving and pausing game...
[05:42:32] [Server thread/INFO] (Minecraft) Saving chunks for level 'ServerLevel[New World]'/minecraft:overworld
[05:42:32] [Server thread/INFO] (Minecraft) Saving chunks for level 'ServerLevel[New World]'/minecraft:the_nether
[05:42:32] [Server thread/INFO] (Minecraft) Saving chunks for level 'ServerLevel[New World]'/minecraft:the_end
[05:43:04] [Server thread/INFO] (Minecraft) [Player680: Set the time to 1000]
[05:43:04] [Render thread/INFO] (Minecraft) [System] [CHAT] Set the time to 1000
[05:44:04] [Server thread/INFO] (Minecraft) Saving and pausing game...
[05:44:04] [Server thread/INFO] (Minecraft) Saving chunks for level 'ServerLevel[New World]'/minecraft:overworld
[05:44:04] [Server thread/INFO] (Minecraft) Saving chunks for level 'ServerLevel[New World]'/minecraft:the_nether
[05:44:04] [Server thread/INFO] (Minecraft) Saving chunks for level 'ServerLevel[New World]'/minecraft:the_end
[05:44:33] [Render thread/INFO] (Minecraft) [System] [CHAT] Saved screenshot as 2024-07-18_05.44.32.png
[05:44:34] [Server thread/INFO] (Minecraft) Saving and pausing game...
[05:44:34] [Server thread/INFO] (Minecraft) Saving chunks for level 'ServerLevel[New World]'/minecraft:overworld
[05:44:34] [Server thread/INFO] (Minecraft) Saving chunks for level 'ServerLevel[New World]'/minecraft:the_nether
[05:44:34] [Server thread/INFO] (Minecraft) Saving chunks for level 'ServerLevel[New World]'/minecraft:the_end
[05:44:56] [Render thread/INFO] (Minecraft) Loaded 12 advancements
[05:45:11] [Render thread/INFO] (Minecraft) Loaded 13 advancements
[05:45:12] [Render thread/INFO] (Minecraft) Loaded 29 advancements
[05:47:45] [Server thread/INFO] (Minecraft) Saving and pausing game...
[05:47:45] [Server thread/INFO] (Minecraft) Saving chunks for level 'ServerLevel[New World]'/minecraft:overworld
[05:47:45] [Server thread/INFO] (Minecraft) Saving chunks for level 'ServerLevel[New World]'/minecraft:the_nether
[05:47:45] [Server thread/INFO] (Minecraft) Saving chunks for level 'ServerLevel[New World]'/minecraft:the_end
[05:48:27] [Render thread/INFO] (Minecraft) [System] [CHAT] Saved screenshot as 2024-07-18_05.48.27.png
[05:48:32] [Server thread/INFO] (Minecraft) Saving and pausing game...
[05:48:32] [Server thread/INFO] (Minecraft) Saving chunks for level 'ServerLevel[New World]'/minecraft:overworld
[05:48:32] [Server thread/INFO] (Minecraft) Saving chunks for level 'ServerLevel[New World]'/minecraft:the_nether
[05:48:32] [Server thread/INFO] (Minecraft) Saving chunks for level 'ServerLevel[New World]'/minecraft:the_end
[05:49:44] [Render thread/INFO] (Minecraft) [System] [CHAT] Saved screenshot as 2024-07-18_05.49.44.png
[05:49:47] [Server thread/INFO] (Minecraft) Saving and pausing game...
[05:49:47] [Server thread/INFO] (Minecraft) Saving chunks for level 'ServerLevel[New World]'/minecraft:overworld
[05:49:47] [Server thread/INFO] (Minecraft) Saving chunks for level 'ServerLevel[New World]'/minecraft:the_nether
[05:49:47] [Server thread/INFO] (Minecraft) Saving chunks for level 'ServerLevel[New World]'/minecraft:the_end
[05:50:11] [Render thread/INFO] (Minecraft) Loaded 30 advancements
[05:50:26] [Render thread/INFO] (Minecraft) Loaded 41 advancements
[05:50:51] [Render thread/INFO] (Minecraft) [System] [CHAT] /advancement (grant|revoke)
[05:50:51] [Render thread/INFO] (Minecraft) [System] [CHAT] /attribute <target> <attribute> (get|base|modifier)
[05:50:51] [Render thread/INFO] (Minecraft) [System] [CHAT] /execute (run|if|unless|as|at|store|positioned|rotated|facing|align|anchored|in|summon|on)
[05:50:51] [Render thread/INFO] (Minecraft) [System] [CHAT] /bossbar (add|remove|list|set|get)
[05:50:51] [Render thread/INFO] (Minecraft) [System] [CHAT] /clear [<targets>]
[05:50:51] [Render thread/INFO] (Minecraft) [System] [CHAT] /clone (<begin>|from)
[05:50:51] [Render thread/INFO] (Minecraft) [System] [CHAT] /damage <target> <amount> [<damageType>]
[05:50:51] [Render thread/INFO] (Minecraft) [System] [CHAT] /data (merge|get|remove|modify)
[05:50:51] [Render thread/INFO] (Minecraft) [System] [CHAT] /datapack (enable|disable|list)
[05:50:51] [Render thread/INFO] (Minecraft) [System] [CHAT] /debug (start|stop|function)
[05:50:51] [Render thread/INFO] (Minecraft) [System] [CHAT] /defaultgamemode <gamemode>
[05:50:51] [Render thread/INFO] (Minecraft) [System] [CHAT] /difficulty [peaceful|easy|normal|hard]
[05:50:51] [Render thread/INFO] (Minecraft) [System] [CHAT] /effect (clear|give)
[05:50:51] [Render thread/INFO] (Minecraft) [System] [CHAT] /me <action>
[05:50:51] [Render thread/INFO] (Minecraft) [System] [CHAT] /enchant <targets> <enchantment> [<level>]
[05:50:51] [Render thread/INFO] (Minecraft) [System] [CHAT] /experience (add|set|query)
[05:50:51] [Render thread/INFO] (Minecraft) [System] [CHAT] /xp -> experience
[05:50:51] [Render thread/INFO] (Minecraft) [System] [CHAT] /fill <from> <to> <block> [replace|keep|outline|hollow|destroy]
[05:50:51] [Render thread/INFO] (Minecraft) [System] [CHAT] /fillbiome <from> <to> <biome> [replace]
[05:50:51] [Render thread/INFO] (Minecraft) [System] [CHAT] /forceload (add|remove|query)
[05:50:51] [Render thread/INFO] (Minecraft) [System] [CHAT] /function <name>
[05:50:51] [Render thread/INFO] (Minecraft) [System] [CHAT] /gamemode <gamemode> [<target>]
[05:50:51] [Render thread/INFO] (Minecraft) [System] [CHAT] /gamerule (announceAdvancements|blockExplosionDropDecay|commandBlockOutput|commandModificationBlockLimit|disableElytraMovementCheck|disableRaids|doDaylightCycle|doEntityDrops|doFireTick|doImmediateRespawn|doInsomnia|doLimitedCrafting|doMobLoot|doMobSpawning|doPatrolSpawning|doTileDrops|doTraderSpawning|doVinesSpread|doWardenSpawning|doWeatherCycle|drowningDamage|fallDamage|fireDamage|forgiveDeadPlayers|freezeDamage|globalSoundEvents|keepInventory|lavaSourceConversion|logAdminCommands|maxCommandChainLength|maxEntityCramming|mobExplosionDropDecay|mobGriefing|naturalRegeneration|playersSleepingPercentage|randomTickSpeed|reducedDebugInfo|sendCommandFeedback|showDeathMessages|snowAccumulationHeight|spawnRadius|spectatorsGenerateChunks|tntExplosionDropDecay|universalAnger|waterSourceConversion)
[05:50:51] [Render thread/INFO] (Minecraft) [System] [CHAT] /give <targets> <item> [<count>]
[05:50:51] [Render thread/INFO] (Minecraft) [System] [CHAT] /help [<command>]
[05:50:51] [Render thread/INFO] (Minecraft) [System] [CHAT] /item (replace|modify)
[05:50:51] [Render thread/INFO] (Minecraft) [System] [CHAT] /kick <targets> [<reason>]
[05:50:51] [Render thread/INFO] (Minecraft) [System] [CHAT] /kill [<targets>]
[05:50:51] [Render thread/INFO] (Minecraft) [System] [CHAT] /list [uuids]
[05:50:51] [Render thread/INFO] (Minecraft) [System] [CHAT] /locate (structure|biome|poi)
[05:50:51] [Render thread/INFO] (Minecraft) [System] [CHAT] /loot (replace|insert|give|spawn)
[05:50:51] [Render thread/INFO] (Minecraft) [System] [CHAT] /msg <targets> <message>
[05:50:51] [Render thread/INFO] (Minecraft) [System] [CHAT] /tell -> msg
[05:50:51] [Render thread/INFO] (Minecraft) [System] [CHAT] /w -> msg
[05:50:51] [Render thread/INFO] (Minecraft) [System] [CHAT] /particle <name> [<pos>]
[05:50:51] [Render thread/INFO] (Minecraft) [System] [CHAT] /place (feature|jigsaw|structure|template)
[05:50:51] [Render thread/INFO] (Minecraft) [System] [CHAT] /playsound <sound> (master|music|record|weather|block|hostile|neutral|player|ambient|voice)
[05:50:51] [Render thread/INFO] (Minecraft) [System] [CHAT] /reload
[05:50:51] [Render thread/INFO] (Minecraft) [System] [CHAT] /recipe (give|take)
[05:50:51] [Render thread/INFO] (Minecraft) [System] [CHAT] /return <value>
[05:50:51] [Render thread/INFO] (Minecraft) [System] [CHAT] /ride <target> (mount|dismount)
[05:50:51] [Render thread/INFO] (Minecraft) [System] [CHAT] /say <message>
[05:50:51] [Render thread/INFO] (Minecraft) [System] [CHAT] /schedule (function|clear)
[05:50:51] [Render thread/INFO] (Minecraft) [System] [CHAT] /scoreboard (objectives|players)
[05:50:51] [Render thread/INFO] (Minecraft) [System] [CHAT] /seed
[05:50:51] [Render thread/INFO] (Minecraft) [System] [CHAT] /setblock <pos> <block> [destroy|keep|replace]
[05:50:51] [Render thread/INFO] (Minecraft) [System] [CHAT] /spawnpoint [<targets>]
[05:50:51] [Render thread/INFO] (Minecraft) [System] [CHAT] /setworldspawn [<pos>]
[05:50:51] [Render thread/INFO] (Minecraft) [System] [CHAT] /spectate [<target>]
[05:50:51] [Render thread/INFO] (Minecraft) [System] [CHAT] /spreadplayers <center> <spreadDistance> <maxRange> (<respectTeams>|under)
[05:50:51] [Render thread/INFO] (Minecraft) [System] [CHAT] /stopsound <targets> [*|master|music|record|weather|block|hostile|neutral|player|ambient|voice]
[05:50:51] [Render thread/INFO] (Minecraft) [System] [CHAT] /summon <entity> [<pos>]
[05:50:51] [Render thread/INFO] (Minecraft) [System] [CHAT] /tag <targets> (add|remove|list)
[05:50:51] [Render thread/INFO] (Minecraft) [System] [CHAT] /team (list|add|remove|empty|join|leave|modify)
[05:50:51] [Render thread/INFO] (Minecraft) [System] [CHAT] /teammsg <message>
[05:50:51] [Render thread/INFO] (Minecraft) [System] [CHAT] /tm -> teammsg
[05:50:51] [Render thread/INFO] (Minecraft) [System] [CHAT] /teleport (<location>|<destination>|<targets>)
[05:50:51] [Render thread/INFO] (Minecraft) [System] [CHAT] /tp -> teleport
[05:50:51] [Render thread/INFO] (Minecraft) [System] [CHAT] /tellraw <targets> <message>
[05:50:51] [Render thread/INFO] (Minecraft) [System] [CHAT] /time (set|add|query)
[05:50:51] [Render thread/INFO] (Minecraft) [System] [CHAT] /title <targets> (clear|reset|title|subtitle|actionbar|times)
[05:50:51] [Render thread/INFO] (Minecraft) [System] [CHAT] /trigger <objective> [add|set]
[05:50:51] [Render thread/INFO] (Minecraft) [System] [CHAT] /weather (clear|rain|thunder)
[05:50:51] [Render thread/INFO] (Minecraft) [System] [CHAT] /worldborder (add|set|center|damage|get|warning)
[05:50:51] [Render thread/INFO] (Minecraft) [System] [CHAT] /test (runthis|runthese|runfailed|run|runall|export|exportthis|import|pos|create|clearall)
[05:50:51] [Render thread/INFO] (Minecraft) [System] [CHAT] /jfr (start|stop)
[05:50:51] [Render thread/INFO] (Minecraft) [System] [CHAT] /publish [<allowCommands>]
[05:51:02] [Render thread/INFO] (Minecraft) [System] [CHAT] Unknown game mode: sur
[05:51:02] [Render thread/INFO] (Minecraft) [System] [CHAT] ...memode sur<--[HERE]
[05:51:10] [Server thread/INFO] (Minecraft) [Player680: Set own game mode to Survival Mode]
[05:51:10] [Render thread/INFO] (Minecraft) [System] [CHAT] Set own game mode to Survival Mode
[05:51:19] [Render thread/INFO] (Minecraft) [System] [CHAT] Saved screenshot as 2024-07-18_05.51.18.png
[05:51:21] [Server thread/INFO] (Minecraft) Saving and pausing game...
[05:51:21] [Server thread/INFO] (Minecraft) Saving chunks for level 'ServerLevel[New World]'/minecraft:overworld
[05:51:21] [Server thread/INFO] (Minecraft) Saving chunks for level 'ServerLevel[New World]'/minecraft:the_nether
[05:51:21] [Server thread/INFO] (Minecraft) Saving chunks for level 'ServerLevel[New World]'/minecraft:the_end
[05:51:30] [Render thread/INFO] (Minecraft) Stopping!
[05:51:30] [Server thread/INFO] (Minecraft) Player680 lost connection: Disconnected
[05:51:30] [Server thread/INFO] (Minecraft) Player680 left the game
[05:51:30] [Server thread/INFO] (Minecraft) Stopping singleplayer server as player logged out
[05:51:30] [Server thread/INFO] (Minecraft) Stopping server
[05:51:30] [Server thread/INFO] (Minecraft) Saving players
[05:51:30] [Server thread/INFO] (Minecraft) Saving worlds
[05:51:31] [Server thread/INFO] (Minecraft) Saving chunks for level 'ServerLevel[New World]'/minecraft:overworld
[05:51:31] [Server thread/INFO] (Minecraft) Saving chunks for level 'ServerLevel[New World]'/minecraft:the_nether
[05:51:31] [Server thread/INFO] (Minecraft) Saving chunks for level 'ServerLevel[New World]'/minecraft:the_end
[05:51:31] [Server thread/INFO] (Minecraft) ThreadedAnvilChunkStorage (New World): All chunks are saved
[05:51:31] [Server thread/INFO] (Minecraft) ThreadedAnvilChunkStorage (DIM-1): All chunks are saved
[05:51:31] [Server thread/INFO] (Minecraft) ThreadedAnvilChunkStorage (DIM1): All chunks are saved
[05:51:31] [Server thread/INFO] (Minecraft) ThreadedAnvilChunkStorage: All dimensions are saved
